#
# There is insufficient memory for the Java Runtime Environment to continue.
# Native memory allocation (mmap) failed to map 266338304 bytes for Failed to commit area from 0x0000000703000000 to 0x0000000712e00000 of length 266338304.
# Possible reasons:
#   The system is out of physical RAM or swap space
#   The process is running with CompressedOops enabled, and the Java Heap may be blocking the growth of the native heap
# Possible solutions:
#   Reduce memory load on the system
#   Increase physical memory or swap space
#   Check if swap backing store is full
#   Decrease Java heap size (-Xmx/-Xms)
#   Decrease number of Java threads
#   Decrease Java thread stack sizes (-Xss)
#   Set larger code cache with -XX:ReservedCodeCacheSize=
# This output file may be truncated or incomplete.
#
#  Out of Memory Error (./src/hotspot/os/windows/os_windows.cpp:3521), pid=25312, tid=44360
#
# JRE version:  (11.0.12+7) (build )
# Java VM: OpenJDK 64-Bit Server VM (11.0.12+7-b1504.28-7817840, mixed mode, sharing, tiered, compressed oops, g1 gc, windows-amd64)
# No core dump will be written. Minidumps are not enabled by default on client versions of Windows
#

---------------  S U M M A R Y ------------

Command Line: org.jetbrains.kotlin.cli.jvm.K2JVMCompiler @E:\hometab\app\build\20230520_9689584351480964447.compiler.options

Host: Intel(R) Core(TM) i7-10510U CPU @ 1.80GHz, 8 cores, 15G,  Windows 10 , 64 bit Build 22621 (10.0.22621.1344)
Time: Sat May 20 23:39:07 2023 대한민국 표준시 elapsed time: 0.047258 seconds (0d 0h 0m 0s)

---------------  T H R E A D  ---------------

Current thread (0x00000235f08fa000):  JavaThread "Unknown thread" [_thread_in_vm, id=44360, stack(0x0000005620100000,0x0000005620200000)]

Stack: [0x0000005620100000,0x0000005620200000]
Native frames: (J=compiled Java code, j=interpreted, Vv=VM code, C=native code)
V  [jvm.dll+0x5fbcea]
V  [jvm.dll+0x731905]
V  [jvm.dll+0x732f1d]
V  [jvm.dll+0x7335d3]
V  [jvm.dll+0x247bf8]
V  [jvm.dll+0x5f90b4]
V  [jvm.dll+0x5edc85]
V  [jvm.dll+0x305aeb]
V  [jvm.dll+0x305a5a]
V  [jvm.dll+0x305932]
V  [jvm.dll+0x30a896]
V  [jvm.dll+0x353803]
V  [jvm.dll+0x353f06]
V  [jvm.dll+0x353903]
V  [jvm.dll+0x2e0678]
V  [jvm.dll+0x2e1827]
V  [jvm.dll+0x710037]
V  [jvm.dll+0x71182c]
V  [jvm.dll+0x360da9]
V  [jvm.dll+0x6f390e]
V  [jvm.dll+0x3c9723]
V  [jvm.dll+0x3cb9b1]
C  [jli.dll+0x536b]
C  [ucrtbase.dll+0x29363]
C  [KERNEL32.DLL+0x126bd]
C  [ntdll.dll+0x5a9f8]


---------------  P R O C E S S  ---------------

Threads class SMR info:
_java_thread_list=0x00000235ee6f2d20, length=0, elements={
}

Java Threads: ( => current thread )

Other Threads:
  0x00000235f0911800 GCTaskThread "GC Thread#0" [stack: 0x0000005620200000,0x0000005620300000] [id=17676]
  0x00000235f096f800 ConcurrentGCThread "G1 Main Marker" [stack: 0x0000005620300000,0x0000005620400000] [id=5212]
  0x00000235f0971800 ConcurrentGCThread "G1 Conc#0" [stack: 0x0000005620400000,0x0000005620500000] [id=41084]

[error occurred during error reporting (printing all threads), id 0xc0000005, EXCEPTION_ACCESS_VIOLATION (0xc0000005) at pc=0x00007ffc83f30be7]

VM state:not at safepoint (not fully initialized)

VM Mutex/Monitor currently owned by a thread:  ([mutex/lock_event])
[0x00000235f08f7a90] Heap_lock - owner thread: 0x00000235f08fa000

Heap address: 0x0000000703000000, size: 4048 MB, Compressed Oops mode: Non-zero based: 0x0000000703000000
Narrow klass base: 0x0000000000000000, Narrow klass shift: 0

GC Heap History (0 events):
No events

Deoptimization events (0 events):
No events

Classes redefined (0 events):
No events

Internal exceptions (0 events):
No events

Events (1 events):
Event: 0.034 Loaded shared library E:\codingdownload\안드로이드스튜디오\jre\bin\zip.dll


Dynamic libraries:
0x00007ff6c1720000 - 0x00007ff6c172a000 	E:\codingdownload\안드로이드스튜디오\jre\bin\java.exe
0x00007ffd177f0000 - 0x00007ffd17a04000 	C:\WINDOWS\SYSTEM32\ntdll.dll
0x00007ffd16b00000 - 0x00007ffd16bc3000 	C:\WINDOWS\System32\KERNEL32.DLL
0x00007ffd14c60000 - 0x00007ffd14ffc000 	C:\WINDOWS\System32\KERNELBASE.dll
0x00007ffd15110000 - 0x00007ffd15221000 	C:\WINDOWS\System32\ucrtbase.dll
0x00007ffd06640000 - 0x00007ffd06657000 	E:\codingdownload\안드로이드스튜디오\jre\bin\VCRUNTIME140.dll
0x00007ffcff6a0000 - 0x00007ffcff6b9000 	E:\codingdownload\안드로이드스튜디오\jre\bin\jli.dll
0x00007ffd15a80000 - 0x00007ffd15c2d000 	C:\WINDOWS\System32\USER32.dll
0x00007ffd14c30000 - 0x00007ffd14c56000 	C:\WINDOWS\System32\win32u.dll
0x00007ffd157f0000 - 0x00007ffd15819000 	C:\WINDOWS\System32\GDI32.dll
0x00007ffd15370000 - 0x00007ffd15483000 	C:\WINDOWS\System32\gdi32full.dll
0x00007ffd15070000 - 0x00007ffd1510a000 	C:\WINDOWS\System32\msvcp_win.dll
0x00007ffd05ff0000 - 0x00007ffd0627e000 	C:\WINDOWS\WinSxS\amd64_microsoft.windows.common-controls_6595b64144ccf1df_6.0.22621.608_none_a9444ca7c10bb01d\COMCTL32.dll
0x00007ffd15830000 - 0x00007ffd158d7000 	C:\WINDOWS\System32\msvcrt.dll
0x00007ffd17750000 - 0x00007ffd17781000 	C:\WINDOWS\System32\IMM32.DLL
0x00007ffcc9400000 - 0x00007ffcc949d000 	E:\codingdownload\안드로이드스튜디오\jre\bin\msvcp140.dll
0x00007ffc83c40000 - 0x00007ffc84725000 	E:\codingdownload\안드로이드스튜디오\jre\bin\server\jvm.dll
0x00007ffd158e0000 - 0x00007ffd1598e000 	C:\WINDOWS\System32\ADVAPI32.dll
0x00007ffd17380000 - 0x00007ffd17424000 	C:\WINDOWS\System32\sechost.dll
0x00007ffd17260000 - 0x00007ffd17375000 	C:\WINDOWS\System32\RPCRT4.dll
0x00007ffd15620000 - 0x00007ffd15628000 	C:\WINDOWS\System32\PSAPI.DLL
0x00007ffcf5f50000 - 0x00007ffcf5f59000 	C:\WINDOWS\SYSTEM32\WSOCK32.dll
0x00007ffd06a80000 - 0x00007ffd06a8a000 	C:\WINDOWS\SYSTEM32\VERSION.dll
0x00007ffd08ba0000 - 0x00007ffd08bd4000 	C:\WINDOWS\SYSTEM32\WINMM.dll
0x00007ffd16800000 - 0x00007ffd16871000 	C:\WINDOWS\System32\WS2_32.dll
0x00007ffd13d70000 - 0x00007ffd13d88000 	C:\WINDOWS\SYSTEM32\kernel.appcore.dll
0x00007ffcfee00000 - 0x00007ffcfee11000 	E:\codingdownload\안드로이드스튜디오\jre\bin\verify.dll
0x00007ffd0f5c0000 - 0x00007ffd0f7ee000 	C:\WINDOWS\SYSTEM32\DBGHELP.DLL
0x00007ffd16420000 - 0x00007ffd167a9000 	C:\WINDOWS\System32\combase.dll
0x00007ffd159a0000 - 0x00007ffd15a77000 	C:\WINDOWS\System32\OLEAUT32.dll
0x00007ffd06f50000 - 0x00007ffd06f82000 	C:\WINDOWS\SYSTEM32\dbgcore.DLL
0x00007ffd15230000 - 0x00007ffd152ab000 	C:\WINDOWS\System32\bcryptPrimitives.dll
0x00007ffcf5960000 - 0x00007ffcf5989000 	E:\codingdownload\안드로이드스튜디오\jre\bin\java.dll
0x00007ffd0c5a0000 - 0x00007ffd0c5ab000 	E:\codingdownload\안드로이드스튜디오\jre\bin\jimage.dll
0x00007ffcfd7e0000 - 0x00007ffcfd7f8000 	E:\codingdownload\안드로이드스튜디오\jre\bin\zip.dll

dbghelp: loaded successfully - version: 4.0.5 - missing functions: none
symbol engine: initialized successfully - sym options: 0x614 - pdb path: .;E:\codingdownload\안드로이드스튜디오\jre\bin;C:\WINDOWS\SYSTEM32;C:\WINDOWS\WinSxS\amd64_microsoft.windows.common-controls_6595b64144ccf1df_6.0.22621.608_none_a9444ca7c10bb01d;E:\codingdownload\안드로이드스튜?E:\codingdownload\안드로이;E:\codingdownload\안드;E:\codingdownload\안

VM Arguments:
java_command: org.jetbrains.kotlin.cli.jvm.K2JVMCompiler @E:\hometab\app\build\20230520_9689584351480964447.compiler.options
java_class_path (initial): C:\Users\witty\.gradle\caches\modules-2\files-2.1\org.jetbrains.kotlin\kotlin-compiler-embeddable\1.6.10\88f2073f4020cdb83132cfe940ceb9a60aba54ea\kotlin-compiler-embeddable-1.6.10.jar;C:\Users\witty\.gradle\caches\modules-2\files-2.1\org.jetbrains.kotlin\kotlin-reflect\1.6.10\1cbe9c92c12a94eea200d23c2bbaedaf3daf5132\kotlin-reflect-1.6.10.jar;C:\Users\witty\.gradle\caches\modules-2\files-2.1\org.jetbrains.kotlin\kotlin-stdlib\1.6.10\b8af3fe6f1ca88526914929add63cf5e7c5049af\kotlin-stdlib-1.6.10.jar;C:\Users\witty\.gradle\caches\modules-2\files-2.1\org.jetbrains.kotlin\kotlin-script-runtime\1.6.10\d0a7ff2e2500ef497ed0214ae40ad3c8387a6164\kotlin-script-runtime-1.6.10.jar;C:\Users\witty\.gradle\caches\modules-2\files-2.1\org.jetbrains.kotlin\kotlin-daemon-embeddable\1.6.10\a56d79bcbea411fa6058e4ecffc2de73e742bd2a\kotlin-daemon-embeddable-1.6.10.jar;C:\Users\witty\.gradle\caches\modules-2\files-2.1\org.jetbrains.intellij.deps\trove4j\1.0.20181211\216c2e14b070f334479d800987affe4054cd563f\trove4j-1.0.20181211.jar;C:\Users\witty\.gradle\caches\modules-2\files-2.1\net.java.dev.jna\jna\5.6.0\330f2244e9030119ab3030fc3fededc86713d9cc\jna-5.6.0.jar;C:\Users\witty\.gradle\caches\modules-2\files-2.1\org.jetbrains\annotations\13.0\919f0dfe192fb4e063e7dacadee7f8bb9a2672a9\annotations-13.0.jar;C:\Users\witty\.gradle\caches\modules-2\files-2.1\org.jetbrains.kotlin\kotlin-stdlib-common\1.6.10\c118700e3a33c8a0d9adc920e9dec0831171925\kotlin-stdlib-common-1.6.10.jar
Launcher Type: SUN_STANDARD

[Global flags]
     intx CICompilerCount                          = 4                                         {product} {ergonomic}
     uint ConcGCThreads                            = 2                                         {product} {ergonomic}
     uint G1ConcRefinementThreads                  = 8                                         {product} {ergonomic}
   size_t G1HeapRegionSize                         = 1048576                                   {product} {ergonomic}
    uintx GCDrainStackTargetSize                   = 64                                        {product} {ergonomic}
   size_t InitialHeapSize                          = 266338304                                 {product} {ergonomic}
   size_t MarkStackSize                            = 4194304                                   {product} {ergonomic}
   size_t MaxHeapSize                              = 4244635648                                {product} {ergonomic}
   size_t MinHeapDeltaBytes                        = 1048576                                   {product} {ergonomic}
    uintx NonNMethodCodeHeapSize                   = 5836300                                {pd product} {ergonomic}
    uintx NonProfiledCodeHeapSize                  = 122910970                              {pd product} {ergonomic}
    uintx ProfiledCodeHeapSize                     = 122910970                              {pd product} {ergonomic}
    uintx ReservedCodeCacheSize                    = 251658240                              {pd product} {ergonomic}
     bool SegmentedCodeCache                       = true                                      {product} {ergonomic}
     bool UseCompressedClassPointers               = true                                 {lp64_product} {ergonomic}
     bool UseCompressedOops                        = true                                 {lp64_product} {ergonomic}
     bool UseG1GC                                  = true                                      {product} {ergonomic}
     bool UseLargePagesIndividualAllocation        = false                                  {pd product} {ergonomic}

Logging:
Log output configuration:
 #0: stdout all=warning uptime,level,tags
 #1: stderr all=off uptime,level,tags

Environment Variables:
JAVA_HOME=C:\java
CLASSPATH=.;C:\Program Files\Java\jdk-16.0.2\lib
PATH=C:\Program Files\Geth;C:\Program Files (x86)\Common Files\Oracle\Java\javapath;C:\Windows\System32;C:\Windows;C:\Windows\System32\wbem;C:\Windows\System32\WindowsPowerShell\v1.0\;C:\Windows\System32\OpenSSH\;C:\Program Files\Intel\WiFi\bin\;C:\Program Files\Common Files\Intel\WirelessCommon\;C:\Program Files\SASHome\SASFoundation\9.4\core\sasexe;C:\Program Files\SASHome\SASFoundation\9.4\ets\sasexe;C:\Program Files\SASHome\Secure\ccme4;C:\Program Files\SASHome\x86\Secure\ccme4;E:\코딩다운로드\Git\cmd;C:\Program Files\nodejs\;C:\Users\witty\AppData\Roaming\npm;C:\Program Files\Bandizip\;C:\java\bin;C:\java\jre\bin;C:\hadoop-3.2.2\bin;C:\Ruby31-x64\bin;C:\Ruby31-x64\bin;C:\Ruby32-x64\bin;C:\Users\witty\AppData\Local\Programs\Python\Python39\Scripts\;C:\Users\witty\AppData\Local\Programs\Python\Python39\;C:\Users\witty\AppData\Local\Programs\Python\Python38-32\Scripts\;C:\Users\witty\AppData\Local\Programs\Python\Python38-32\;C:\Users\witty\AppData\Local\Microsoft\WindowsApps;C:\Program Files\Java\jdk-16.0.2\bin;;E:\코딩다운로드\visual studio code\Microsoft VS Code\bin;C:\Users\witty\AppData\Roaming\npm
USERNAME=witty
OS=Windows_NT
PROCESSOR_IDENTIFIER=Intel64 Family 6 Model 142 Stepping 12, GenuineIntel



---------------  S Y S T E M  ---------------

OS: Windows 10 , 64 bit Build 22621 (10.0.22621.1344)
OS uptime: 54 days 22:56 hours

CPU:total 8 (initial active 8) (4 cores per cpu, 2 threads per core) family 6 model 142 stepping 12 microcode 0xea, cmov, cx8, fxsr, mmx, sse, sse2, sse3, ssse3, sse4.1, sse4.2, popcnt, avx, avx2, aes, clmul, erms, 3dnowpref, lzcnt, ht, tsc, tscinvbit, bmi1, bmi2, adx, fma

Memory: 4k page, system-wide physical 16185M (662M free)
TotalPageFile size 44525M (AvailPageFile size 189M)
current process WorkingSet (physical memory assigned to process): 11M, peak: 11M
current process commit charge ("private bytes"): 60M, peak: 314M

vm_info: OpenJDK 64-Bit Server VM (11.0.12+7-b1504.28-7817840) for windows-amd64 JRE (11.0.12+7-b1504.28-7817840), built on Oct 13 2021 22:12:33 by "builder" with MS VC++ 14.0 (VS2015)

END.
